0 info it worked if it ends with ok
1 verbose cli [ 'C:\\Program Files\\nodejs\\node.exe',
1 verbose cli   'C:\\Program Files\\nodejs\\node_modules\\npm\\bin\\npm-cli.js',
1 verbose cli   'i' ]
2 info using npm@3.10.10
3 info using node@v6.11.1
4 silly loadCurrentTree Starting
5 silly install loadCurrentTree
6 silly install readLocalPackageData
7 silly install normalizeTree
8 silly loadCurrentTree Finishing
9 silly loadIdealTree Starting
10 silly install loadIdealTree
11 silly cloneCurrentTree Starting
12 silly install cloneCurrentTreeToIdealTree
13 silly cloneCurrentTree Finishing
14 silly loadShrinkwrap Starting
15 silly install loadShrinkwrap
16 silly loadShrinkwrap Finishing
17 silly loadAllDepsIntoIdealTree Starting
18 silly install loadAllDepsIntoIdealTree
19 silly fetchNamedPackageData body-parser
20 silly mapToRegistry name body-parser
21 silly mapToRegistry using default registry
22 silly mapToRegistry registry https://registry.npmjs.org/
23 silly mapToRegistry data Result {
23 silly mapToRegistry   raw: 'body-parser',
23 silly mapToRegistry   scope: null,
23 silly mapToRegistry   escapedName: 'body-parser',
23 silly mapToRegistry   name: 'body-parser',
23 silly mapToRegistry   rawSpec: '',
23 silly mapToRegistry   spec: 'latest',
23 silly mapToRegistry   type: 'tag' }
24 silly mapToRegistry uri https://registry.npmjs.org/body-parser
25 silly fetchNamedPackageData express
26 silly mapToRegistry name express
27 silly mapToRegistry using default registry
28 silly mapToRegistry registry https://registry.npmjs.org/
29 silly mapToRegistry data Result {
29 silly mapToRegistry   raw: 'express',
29 silly mapToRegistry   scope: null,
29 silly mapToRegistry   escapedName: 'express',
29 silly mapToRegistry   name: 'express',
29 silly mapToRegistry   rawSpec: '',
29 silly mapToRegistry   spec: 'latest',
29 silly mapToRegistry   type: 'tag' }
30 silly mapToRegistry uri https://registry.npmjs.org/express
31 silly fetchNamedPackageData request
32 silly mapToRegistry name request
33 silly mapToRegistry using default registry
34 silly mapToRegistry registry https://registry.npmjs.org/
35 silly mapToRegistry data Result {
35 silly mapToRegistry   raw: 'request',
35 silly mapToRegistry   scope: null,
35 silly mapToRegistry   escapedName: 'request',
35 silly mapToRegistry   name: 'request',
35 silly mapToRegistry   rawSpec: '',
35 silly mapToRegistry   spec: 'latest',
35 silly mapToRegistry   type: 'tag' }
36 silly mapToRegistry uri https://registry.npmjs.org/request
37 verbose request uri https://registry.npmjs.org/body-parser
38 verbose request no auth needed
39 info attempt registry request try #1 at 9:34:09 PM
40 verbose request id 39fee25637772438
41 http request GET https://registry.npmjs.org/body-parser
42 verbose request uri https://registry.npmjs.org/express
43 verbose request no auth needed
44 info attempt registry request try #1 at 9:34:09 PM
45 http request GET https://registry.npmjs.org/express
46 verbose request uri https://registry.npmjs.org/request
47 verbose request no auth needed
48 info attempt registry request try #1 at 9:34:09 PM
49 http request GET https://registry.npmjs.org/request
50 info retry will retry, error on last attempt: Error: connect ETIMEDOUT 151.101.36.162:443
51 info retry will retry, error on last attempt: Error: connect ETIMEDOUT 151.101.36.162:443
52 info retry will retry, error on last attempt: Error: connect ETIMEDOUT 151.101.36.162:443
53 info attempt registry request try #2 at 9:34:42 PM
54 http request GET https://registry.npmjs.org/express
55 info attempt registry request try #2 at 9:34:42 PM
56 http request GET https://registry.npmjs.org/request
57 info attempt registry request try #2 at 9:34:42 PM
58 http request GET https://registry.npmjs.org/body-parser
59 info retry will retry, error on last attempt: Error: connect ETIMEDOUT 151.101.36.162:443
60 info retry will retry, error on last attempt: Error: connect ETIMEDOUT 151.101.36.162:443
61 info retry will retry, error on last attempt: Error: connect ETIMEDOUT 151.101.36.162:443
62 info attempt registry request try #3 at 9:36:03 PM
63 http request GET https://registry.npmjs.org/express
64 info attempt registry request try #3 at 9:36:03 PM
65 http request GET https://registry.npmjs.org/request
66 info attempt registry request try #3 at 9:36:03 PM
67 http request GET https://registry.npmjs.org/body-parser
68 silly fetchPackageMetaData Error: connect ETIMEDOUT 151.101.36.162:443
68 silly fetchPackageMetaData     at Object.exports._errnoException (util.js:1018:11)
68 silly fetchPackageMetaData     at exports._exceptionWithHostPort (util.js:1041:20)
68 silly fetchPackageMetaData     at TCPConnectWrap.afterConnect [as oncomplete] (net.js:1086:14)
68 silly fetchPackageMetaData  error for request@^2.83.0 { Error: connect ETIMEDOUT 151.101.36.162:443
68 silly fetchPackageMetaData     at Object.exports._errnoException (util.js:1018:11)
68 silly fetchPackageMetaData     at exports._exceptionWithHostPort (util.js:1041:20)
68 silly fetchPackageMetaData     at TCPConnectWrap.afterConnect [as oncomplete] (net.js:1086:14)
68 silly fetchPackageMetaData   code: 'ETIMEDOUT',
68 silly fetchPackageMetaData   errno: 'ETIMEDOUT',
68 silly fetchPackageMetaData   syscall: 'connect',
68 silly fetchPackageMetaData   address: '151.101.36.162',
68 silly fetchPackageMetaData   port: 443 }
69 silly fetchPackageMetaData Error: connect ETIMEDOUT 151.101.36.162:443
69 silly fetchPackageMetaData     at Object.exports._errnoException (util.js:1018:11)
69 silly fetchPackageMetaData     at exports._exceptionWithHostPort (util.js:1041:20)
69 silly fetchPackageMetaData     at TCPConnectWrap.afterConnect [as oncomplete] (net.js:1086:14)
69 silly fetchPackageMetaData  error for express@^4.16.2 { Error: connect ETIMEDOUT 151.101.36.162:443
69 silly fetchPackageMetaData     at Object.exports._errnoException (util.js:1018:11)
69 silly fetchPackageMetaData     at exports._exceptionWithHostPort (util.js:1041:20)
69 silly fetchPackageMetaData     at TCPConnectWrap.afterConnect [as oncomplete] (net.js:1086:14)
69 silly fetchPackageMetaData   code: 'ETIMEDOUT',
69 silly fetchPackageMetaData   errno: 'ETIMEDOUT',
69 silly fetchPackageMetaData   syscall: 'connect',
69 silly fetchPackageMetaData   address: '151.101.36.162',
69 silly fetchPackageMetaData   port: 443 }
70 silly fetchPackageMetaData Error: connect ETIMEDOUT 151.101.36.162:443
70 silly fetchPackageMetaData     at Object.exports._errnoException (util.js:1018:11)
70 silly fetchPackageMetaData     at exports._exceptionWithHostPort (util.js:1041:20)
70 silly fetchPackageMetaData     at TCPConnectWrap.afterConnect [as oncomplete] (net.js:1086:14)
70 silly fetchPackageMetaData  error for body-parser@^1.18.2 { Error: connect ETIMEDOUT 151.101.36.162:443
70 silly fetchPackageMetaData     at Object.exports._errnoException (util.js:1018:11)
70 silly fetchPackageMetaData     at exports._exceptionWithHostPort (util.js:1041:20)
70 silly fetchPackageMetaData     at TCPConnectWrap.afterConnect [as oncomplete] (net.js:1086:14)
70 silly fetchPackageMetaData   code: 'ETIMEDOUT',
70 silly fetchPackageMetaData   errno: 'ETIMEDOUT',
70 silly fetchPackageMetaData   syscall: 'connect',
70 silly fetchPackageMetaData   address: '151.101.36.162',
70 silly fetchPackageMetaData   port: 443 }
71 silly rollbackFailedOptional Starting
72 silly rollbackFailedOptional Finishing
73 silly runTopLevelLifecycles Finishing
74 silly install printInstalled
75 verbose stack Error: connect ETIMEDOUT 151.101.36.162:443
75 verbose stack     at Object.exports._errnoException (util.js:1018:11)
75 verbose stack     at exports._exceptionWithHostPort (util.js:1041:20)
75 verbose stack     at TCPConnectWrap.afterConnect [as oncomplete] (net.js:1086:14)
76 verbose cwd C:\projects\chatbot
77 error Windows_NT 10.0.14393
78 error argv "C:\\Program Files\\nodejs\\node.exe" "C:\\Program Files\\nodejs\\node_modules\\npm\\bin\\npm-cli.js" "i"
79 error node v6.11.1
80 error npm  v3.10.10
81 error code ETIMEDOUT
82 error errno ETIMEDOUT
83 error syscall connect
84 error network connect ETIMEDOUT 151.101.36.162:443
85 error network This is most likely not a problem with npm itself
85 error network and is related to network connectivity.
85 error network In most cases you are behind a proxy or have bad network settings.
85 error network
85 error network If you are behind a proxy, please make sure that the
85 error network 'proxy' config is set properly.  See: 'npm help config'
86 verbose exit [ 1, true ]
